<?xml version="1.0" encoding="UTF-8"?>
<!-- Generated by org.testng.reporters.JUnitReportReporter -->
<testsuite hostname="EMEA-TUN-LP0709" name="LogMeInCalcTest.NonFunctionalTests" tests="10" failures="0" timestamp="2 Dec 2018 22:21:09 GMT" time="336.177" errors="0">
  <testcase name="homePageLoadTest" time="21.452" classname="LogMeInCalcTest.NonFunctionalTests"/>
  <testcase name="homePageLoadTest" time="33.356" classname="LogMeInCalcTest.NonFunctionalTests"/>
  <testcase name="homePageLoadTest" time="34.116" classname="LogMeInCalcTest.NonFunctionalTests"/>
  <testcase name="homePageLoadTest" time="37.740" classname="LogMeInCalcTest.NonFunctionalTests"/>
  <testcase name="homePageLoadTest" time="32.517" classname="LogMeInCalcTest.NonFunctionalTests"/>
  <testcase name="homePageLoadTest" time="34.792" classname="LogMeInCalcTest.NonFunctionalTests"/>
  <testcase name="homePageLoadTest" time="33.471" classname="LogMeInCalcTest.NonFunctionalTests"/>
  <testcase name="homePageLoadTest" time="36.413" classname="LogMeInCalcTest.NonFunctionalTests"/>
  <testcase name="homePageLoadTest" time="36.560" classname="LogMeInCalcTest.NonFunctionalTests"/>
  <testcase name="homePageLoadTest" time="35.760" classname="LogMeInCalcTest.NonFunctionalTests"/>
</testsuite> <!-- LogMeInCalcTest.NonFunctionalTests -->
